<?xml version="1.0" encoding="UTF-8" ?>
<testsuite tests="5" failures="0" name="controller.ControllerTest" time="2.923" errors="0" skipped="0">
  <properties>
[...]
</properties>
  <testcase classname="controller.ControllerTest" name="controller.ControllerTest.testUpdate" time="0.525"/>
  <testcase classname="controller.ControllerTest" name="controller.ControllerTest.testList" time="0.033"/>
  <testcase classname="controller.ControllerTest" name="controller.ControllerTest.testCreate" time="0.594"/>
  <testcase classname="controller.ControllerTest" name="controller.ControllerTest.testDelete" time="0.963"/>
  <testcase classname="controller.ControllerTest" name="controller.ControllerTest.testRead" time="0.808"/>
</testsuite>