<?xml version="1.0" encoding="UTF-8" ?>
<testsuite tests="4" failures="0" name="conexao.ConexaoTest" time="2.63" errors="0" skipped="0">
  <properties>
[...]
</properties>
  <testcase classname="conexao.ConexaoTest" name="conexao.ConexaoTest.testDesconecta" time="2.54"/>
  <testcase classname="conexao.ConexaoTest" name="conexao.ConexaoTest.testExecutaSQL" time="0.027"/>
  <testcase classname="conexao.ConexaoTest" name="conexao.ConexaoTest.testExecutaUpdate" time="0.051"/>
  <testcase classname="conexao.ConexaoTest" name="conexao.ConexaoTest.testConecta" time="0.012"/>
</testsuite>